Arguments: 
  /usr/local/bin/node /usr/local/bin/yarn add ant-design-vue

PATH: 
  /usr/local/bin:/System/Cryptexes/App/usr/bin:/usr/bin:/bin:/usr/sbin:/sbin

Yarn version: 
  1.22.19

Node version: 
  18.12.1

Platform: 
  darwin x64

Trace: 
  Error: ENOENT: no such file or directory, copyfile '/Users/wangguanghui/Library/Caches/Yarn/v6/npm-color-name-1.1.3-a7d0558bd89c42f795dd42328f740831ca53bc25-integrity/node_modules/color-name/.eslintrc.json' -> '/Users/wangguanghui/front/vue3/vue-project/node_modules/@babel/highlight/node_modules/color-name/.eslintrc.json'

npm manifest: 
  {
    "name": "vue-project",
    "version": "0.0.0",
    "scripts": {
      "dev": "vite",
      "build": "vite build",
      "preview": "vite preview --port 4173",
      "test:unit": "vitest --environment jsdom",
      "test:e2e": "start-server-and-test preview http://localhost:4173/ 'cypress open --e2e'",
      "test:e2e:ci": "start-server-and-test preview http://localhost:4173/ 'cypress run --e2e'",
      "lint": "eslint . --ext .vue,.js,.jsx,.cjs,.mjs --fix --ignore-path .gitignore"
    },
    "dependencies": {
      "pinia": "^2.0.21",
      "vue": "^3.2.38",
      "vue-router": "^4.1.5"
    },
    "devDependencies": {
      "@rushstack/eslint-patch": "^1.1.4",
      "@vitejs/plugin-vue": "^3.0.3",
      "@vitejs/plugin-vue-jsx": "^2.0.1",
      "@vue/eslint-config-prettier": "^7.0.0",
      "@vue/test-utils": "^2.0.2",
      "cypress": "^10.7.0",
      "eslint": "^8.22.0",
      "eslint-plugin-cypress": "^2.12.1",
      "eslint-plugin-vue": "^9.3.0",
      "jsdom": "^20.0.0",
      "prettier": "^2.7.1",
      "start-server-and-test": "^1.14.0",
      "vite": "^3.0.9",
      "vitest": "^0.23.0"
    }
  }

yarn manifest: 
  No manifest

Lockfile: 
  No lockfile
